<?xml version="1.0" encoding="UTF-8"?>
<testsuite xmlns:xsi="http://www.w3.org/2001/XMLSchema-instance" xsi:noNamespaceSchemaLocation="https://maven.apache.org/surefire/maven-surefire-plugin/xsd/surefire-test-report.xsd" name="com.saic.wordcountdemo.WordsCountDemoTest" time="0.035" tests="4" errors="0" skipped="0" failures="0">
  <properties>
[...]
</properties>
  <testcase name="testFileReaderWordsCountWithoutStreamsNotIgnoringCase" classname="com.saic.wordcountdemo.WordsCountDemoTest" time="0.016"/>
  <testcase name="testFileReaderWordsCountUsingStreamsIgnoreCase" classname="com.saic.wordcountdemo.WordsCountDemoTest" time="0.009"/>
  <testcase name="testFileReaderWordsCountWithoutStreamsIgnoreCase" classname="com.saic.wordcountdemo.WordsCountDemoTest" time="0.001"/>
  <testcase name="testFileReaderWordsCountUsingStreamsNotIgnoringCase" classname="com.saic.wordcountdemo.WordsCountDemoTest" time="0.002"/>
</testsuite>